<beans xmlns="http://www.springframework.org/schema/beans"
	xmlns:xsi="http://www.w3.org/2001/XMLSchema-instance" xmlns:p="http://www.springframework.org/schema/p"
	xmlns:context="http://www.springframework.org/schema/context" xmlns:tx="http://www.springframework.org/schema/tx"
	xmlns:util="http://www.springframework.org/schema/util"
	xsi:schemaLocation="
        http://www.springframework.org/schema/beans
        http://www.springframework.org/schema/beans/spring-beans-4.1.xsd
        http://www.springframework.org/schema/context
        http://www.springframework.org/schema/context/spring-context-4.1.xsd
        http://www.springframework.org/schema/tx http://www.springframework.org/schema/tx/spring-tx-4.1.xsd
        http://www.springframework.org/schema/util http://www.springframework.org/schema/util/spring-util-4.1.xsd">

	
	<context:component-scan base-package="org.yy.demo.dao"></context:component-scan>
	
	<!-- datasource to the database -->
	<bean id="dataSource"
		class="org.springframework.jdbc.datasource.DriverManagerDataSource">
		<property name="driverClassName">
			<value>com.mysql.jdbc.Driver</value>
		</property>
		<property name="url">
			<value>jdbc:mysql://127.0.0.1:3306/demo?useUnicode=true&amp;characterEncoding=UTF-8
			</value>
		</property>
		<property name="username" value="demo">
		</property>
		<property name="password" value="demo">
		</property>
	</bean>

	<bean id="sqlSessionFactory" class="org.mybatis.spring.SqlSessionFactoryBean">
		<property name="dataSource" ref="dataSource" />
		<property name="mapperLocations" value="classpath*:sqlmap/sqlmap-mapping*.xml" />
		<property name="configLocation" value="classpath:sqlmap/ibatis-default-demo.xml"></property>
	</bean>

	<bean id="sqlSession" class="org.mybatis.spring.SqlSessionTemplate" scope="prototype">
		<constructor-arg index="0" ref="sqlSessionFactory"></constructor-arg>
	</bean>

	<!-- 数据准备 -->
	<bean class="data.InitData" init-method="init">
		<property name="dataSource" ref="dataSource"></property>
	</bean>

</beans>
