<beans xmlns="http://www.springframework.org/schema/beans"
	xmlns:xsi="http://www.w3.org/2001/XMLSchema-instance" xmlns:p="http://www.springframework.org/schema/p"
	xmlns:context="http://www.springframework.org/schema/context" xmlns:tx="http://www.springframework.org/schema/tx"
	xmlns:util="http://www.springframework.org/schema/util" xmlns:aop="http://www.springframework.org/schema/aop"
	xsi:schemaLocation="
        http://www.springframework.org/schema/beans
        http://www.springframework.org/schema/beans/spring-beans-3.2.xsd
        http://www.springframework.org/schema/context
        http://www.springframework.org/schema/context/spring-context-3.2.xsd
        http://www.springframework.org/schema/tx http://www.springframework.org/schema/tx/spring-tx-3.2.xsd
        http://www.springframework.org/schema/util http://www.springframework.org/schema/util/spring-util-3.2.xsd
         http://www.springframework.org/schema/aop http://www.springframework.org/schema/aop/spring-aop-3.2.xsd">

	<context:component-scan base-package="org.yy.demo.dao"></context:component-scan>
	<context:component-scan base-package="org.yy.demo.service"></context:component-scan>

	<!-- datasource to the database -->
	<bean id="dataSource"
		class="org.springframework.jdbc.datasource.DriverManagerDataSource">
		<property name="driverClassName">
			<value>com.mysql.jdbc.Driver</value>
		</property>
		<property name="url">
			<value>jdbc:mysql://127.0.0.1:3306/demo?useUnicode=true&amp;characterEncoding=UTF-8
			</value>
		</property>
		<property name="username" value="demo">
		</property>
		<property name="password" value="demo">
		</property>
	</bean>

	<bean id="sqlSessionFactory" class="org.mybatis.spring.SqlSessionFactoryBean">
		<property name="dataSource" ref="dataSource" />
		<property name="mapperLocations" value="classpath*:sqlmap/sqlmap-mapping*.xml" />
		<property name="configLocation" value="classpath:sqlmap/ibatis-default-demo.xml"></property>
	</bean>

	<bean id="sqlSession" class="org.mybatis.spring.SqlSessionTemplate" scope="prototype">
		<constructor-arg index="0" ref="sqlSessionFactory"></constructor-arg>
	</bean>
	
	<!-- 事务配置 -->
	<tx:advice id="txAdvice" transaction-manager="txManager">
		<tx:attributes>
			<tx:method name="save*" propagation="REQUIRED"   rollback-for="java.lang.Throwable"/>
			<tx:method name="delete*" propagation="REQUIRED"   rollback-for="java.lang.Throwable"/>
			<tx:method name="update*" propagation="REQUIRED"   rollback-for="java.lang.Throwable"/>
			<tx:method name="insert*" propagation="REQUIRED"   rollback-for="java.lang.Throwable"/>
			<tx:method name="config*" propagation="REQUIRED"   rollback-for="java.lang.Throwable"/>
			<tx:method name="*" read-only="true" />
		</tx:attributes>
	</tx:advice>
	<aop:config>
		<aop:pointcut id="allManagerMethod"
			expression="execution(* org.yy.demo..service..*.*(..))" />
		<aop:advisor advice-ref="txAdvice" pointcut-ref="allManagerMethod" />
	</aop:config>
	<bean id="txManager"
		class="org.springframework.jdbc.datasource.DataSourceTransactionManager">
		<property name="dataSource" ref="dataSource" />
	</bean>
	<tx:annotation-driven transaction-manager="txManager" proxy-target-class="true"/>  
	<!-- end -->

	<!-- 数据准备 -->
	<bean class="data.InitData" init-method="init">
		<property name="dataSource" ref="dataSource"></property>
	</bean>

</beans>
